no GPIO library found
Info: input file: optical-reader-dec23-21-v3a.7ch, type: 7ch, basename: optical-reader-dec23-21-v3a
Info: FileName: optical-reader-dec23-21-v3a.7ch
Info: block_array contains 46 elements
Warning: suspicious WW block length: count=18432(d), actual block length=895(d)
Warning: Writing beyond end of Core address at addr=0o45322, offset=0o44002, core-size=0o4000
Warning: 556 block ran out of words
Warning: WW Block Checksum check failed: calculated xsum=0o012063, tape says:0o011336
Info: Drum Group DA word: w0=0o1
Warning: 556 Decode overwriting core location 0o2000: was 0o157400, changed to 0o0
Warning: 556 Decode overwriting core location 0o2001: was 0o177400, changed to 0o0
Warning: 556 Decode overwriting core location 0o2002: was 0o132000, changed to 0o0
Warning: 556 Decode overwriting core location 0o2003: was 0o131000, changed to 0o0
Warning: 556 Decode overwriting core location 0o2004: was 0o130400, changed to 0o0
Warning: 556 Decode overwriting core location 0o2005: was 0o70, changed to 0o0
Warning: 556 Decode overwriting core location 0o2006: was 0o174000, changed to 0o0
Warning: 556 Decode overwriting core location 0o2007: was 0o160000, changed to 0o0
Warning: 556 Decode overwriting core location 0o2010: was 0o174070, changed to 0o0
Warning: 556 Decode overwriting core location 0o2011: was 0o16, changed to 0o0
Warning: 556 Decode overwriting core location 0o2012: was 0o601, changed to 0o0
Warning: 556 Decode overwriting core location 0o2013: was 0o177400, changed to 0o0
Warning: 556 Decode overwriting core location 0o2014: was 0o600, changed to 0o0
Warning: 556 Decode overwriting core location 0o2015: was 0o330, changed to 0o0
Warning: 556 Decode overwriting core location 0o2016: was 0o147000, changed to 0o0
Warning: 556 Decode overwriting core location 0o2017: was 0o72400, changed to 0o0
Warning: 556 Decode overwriting core location 0o2020: was 0o56400, changed to 0o0
Warning: 556 Decode overwriting core location 0o2021: was 0o101000, changed to 0o0
Warning: 556 Decode overwriting core location 0o2022: was 0o34000, changed to 0o0
Warning: 556 Decode overwriting core location 0o2023: was 0o50750, changed to 0o0
Warning: 556 Decode overwriting core location 0o2024: was 0o100012, changed to 0o0
Warning: 556 Decode overwriting core location 0o2025: was 0o171011, changed to 0o0
Warning: 556 Decode overwriting core location 0o2026: was 0o70751, changed to 0o0
Warning: 556 Decode overwriting core location 0o2027: was 0o74000, changed to 0o0
Warning: 556 Decode overwriting core location 0o2030: was 0o171037, changed to 0o0
Warning: 556 Decode overwriting core location 0o2031: was 0o71012, changed to 0o0
Warning: 556 Decode overwriting core location 0o2032: was 0o100000, changed to 0o0
Warning: 556 Decode overwriting core location 0o2033: was 0o42273, changed to 0o0
Warning: 556 Decode overwriting core location 0o2034: was 0o102425, changed to 0o0
Warning: 556 Decode overwriting core location 0o2035: was 0o44773, changed to 0o0
Warning: 556 Decode overwriting core location 0o2036: was 0o44774, changed to 0o0
Warning: 556 Decode overwriting core location 0o2037: was 0o100003, changed to 0o0
Warning: 556 Decode overwriting core location 0o2040: was 0o112423, changed to 0o0
Warning: 556 Decode overwriting core location 0o2041: was 0o44763, changed to 0o0
Warning: 556 Decode overwriting core location 0o2042: was 0o100000, changed to 0o0
Warning: 556 Decode overwriting core location 0o2043: was 0o42274, changed to 0o0
Warning: 556 Decode overwriting core location 0o2044: was 0o102436, changed to 0o0
Warning: 556 Decode overwriting core location 0o2045: was 0o174012, changed to 0o0
Warning: 556 Decode overwriting core location 0o2046: was 0o114001, changed to 0o0
Warning: 556 Decode overwriting core location 0o2047: was 0o112435, changed to 0o0
Warning: 556 Decode overwriting core location 0o2050: was 0o44772, changed to 0o0
Warning: 556 Decode overwriting core location 0o2051: was 0o104000, changed to 0o0
Warning: 556 Decode overwriting core location 0o2052: was 0o174000, changed to 0o0
Warning: 556 Decode overwriting core location 0o2053: was 0o40000, changed to 0o0
Warning: 556 Decode overwriting core location 0o2054: was 0o100012, changed to 0o0
Warning: 556 Decode overwriting core location 0o2055: was 0o171012, changed to 0o0
Warning: 556 Decode overwriting core location 0o2056: was 0o71016, changed to 0o0
Warning: 556 Decode overwriting core location 0o2057: was 0o100012, changed to 0o0
Warning: 556 Decode overwriting core location 0o2060: was 0o171013, changed to 0o0
Warning: 556 Decode overwriting core location 0o2061: was 0o71022, changed to 0o0
Warning: 556 Decode overwriting core location 0o2062: was 0o100012, changed to 0o0
Warning: 556 Decode overwriting core location 0o2063: was 0o171014, changed to 0o0
Warning: 556 Decode overwriting core location 0o2064: was 0o71026, changed to 0o0
Warning: 556 Decode overwriting core location 0o2065: was 0o102427, changed to 0o0
Warning: 556 Decode overwriting core location 0o2066: was 0o174012, changed to 0o0
Warning: 556 Decode overwriting core location 0o2067: was 0o40012, changed to 0o0
Warning: 556 Decode overwriting core location 0o2070: was 0o74750, changed to 0o0
Warning: 556 Decode overwriting core location 0o2071: was 0o102442, changed to 0o0
Warning: 556 Decode overwriting core location 0o2072: was 0o42273, changed to 0o0
Warning: 556 Decode overwriting core location 0o2073: was 0o102426, changed to 0o0
Warning: 556 Decode overwriting core location 0o2074: was 0o74756, changed to 0o0
Warning: 556 Decode overwriting core location 0o2075: was 0o102274, changed to 0o0
Warning: 556 Decode overwriting core location 0o2076: was 0o171020, changed to 0o0
Warning: 556 Decode overwriting core location 0o2077: was 0o75032, changed to 0o0
Warning: 556 Decode overwriting core location 0o2100: was 0o75000, changed to 0o0
Warning: 556 Decode overwriting core location 0o2101: was 0o102274, changed to 0o0
Warning: 556 Decode overwriting core location 0o2102: was 0o171023, changed to 0o0
Warning: 556 Decode overwriting core location 0o2103: was 0o75032, changed to 0o0
Warning: 556 Decode overwriting core location 0o2104: was 0o75003, changed to 0o0
Warning: 556 Decode overwriting core location 0o2105: was 0o102274, changed to 0o0
Warning: 556 Decode overwriting core location 0o2106: was 0o171026, changed to 0o0
Warning: 556 Decode overwriting core location 0o2107: was 0o75032, changed to 0o0
Warning: 556 Decode overwriting core location 0o2110: was 0o75006, changed to 0o0
Warning: 556 Decode overwriting core location 0o2111: was 0o51046, changed to 0o0
Warning: 556 Decode overwriting core location 0o2112: was 0o64000, changed to 0o0
Warning: 556 Decode overwriting core location 0o2113: was 0o171003, changed to 0o0
Warning: 556 Decode overwriting core location 0o2114: was 0o112273, changed to 0o0
Warning: 556 Decode overwriting core location 0o2115: was 0o40016, changed to 0o0
Warning: 556 Decode overwriting core location 0o2116: was 0o112422, changed to 0o0
Warning: 556 Decode overwriting core location 0o2117: was 0o45042, changed to 0o0
Warning: 556 Decode overwriting core location 0o2120: was 0o45045, changed to 0o0
Warning: 556 Decode overwriting core location 0o2121: was 0o100000, changed to 0o0
Warning: 556 Decode overwriting core location 0o2122: was 0o71047, changed to 0o0
Warning: 556 Decode overwriting core location 0o2123: was 0o100000, changed to 0o0
Warning: 556 Decode overwriting core location 0o2124: was 0o40000, changed to 0o0
Warning: 556 Decode overwriting core location 0o2125: was 0o74000, changed to 0o0
Warning: 556 Decode overwriting core location 0o2126: was 0o101301, changed to 0o0
Warning: 556 Decode overwriting core location 0o2127: was 0o40022, changed to 0o0
Warning: 556 Decode overwriting core location 0o2130: was 0o76300, changed to 0o0
Warning: 556 Decode overwriting core location 0o2131: was 0o100022, changed to 0o0
Warning: 556 Decode overwriting core location 0o2132: was 0o75045, changed to 0o0
Warning: 556 Decode overwriting core location 0o2133: was 0o51074, changed to 0o0
Warning: 556 Decode overwriting core location 0o2134: was 0o101305, changed to 0o0
Warning: 556 Decode overwriting core location 0o2135: was 0o45060, changed to 0o0
Warning: 556 Decode overwriting core location 0o2136: was 0o45076, changed to 0o0
Warning: 556 Decode overwriting core location 0o2137: was 0o100000, changed to 0o0
Warning: 556 Decode overwriting core location 0o2140: was 0o71065, changed to 0o0
Warning: 556 Decode overwriting core location 0o2141: was 0o114003, changed to 0o0
Warning: 556 Decode overwriting core location 0o2142: was 0o134000, changed to 0o0
Warning: 556 Decode overwriting core location 0o2143: was 0o71075, changed to 0o0
Warning: 556 Decode overwriting core location 0o2144: was 0o131076, changed to 0o0
Warning: 556 Decode overwriting core location 0o2145: was 0o131060, changed to 0o0
Warning: 556 Decode overwriting core location 0o2146: was 0o115304, changed to 0o0
Warning: 556 Decode overwriting core location 0o2147: was 0o71060, changed to 0o0
Warning: 556 Decode overwriting core location 0o2150: was 0o105303, changed to 0o0
Warning: 556 Decode overwriting core location 0o2151: was 0o174012, changed to 0o0
Warning: 556 Decode overwriting core location 0o2152: was 0o40012, changed to 0o0
Warning: 556 Decode overwriting core location 0o2153: was 0o74000, changed to 0o0
Warning: 556 Decode overwriting core location 0o2154: was 0o104000, changed to 0o0
Warning: 556 Decode overwriting core location 0o2155: was 0o40000, changed to 0o0
Warning: 556 Decode overwriting core location 0o2156: was 0o75071, changed to 0o0
Warning: 556 Decode overwriting core location 0o2157: was 0o100000, changed to 0o0
Warning: 556 Decode overwriting core location 0o2160: was 0o40016, changed to 0o0
Warning: 556 Decode overwriting core location 0o2161: was 0o102741, changed to 0o0
Warning: 556 Decode overwriting core location 0o2162: was 0o41330, changed to 0o0
Warning: 556 Decode overwriting core location 0o2163: was 0o106742, changed to 0o0
Warning: 556 Decode overwriting core location 0o2164: was 0o75134, changed to 0o0
Warning: 556 Decode overwriting core location 0o2165: was 0o74045, changed to 0o0
Warning: 556 Decode overwriting core location 0o2166: was 0o100000, changed to 0o0
Warning: 556 Decode overwriting core location 0o2167: was 0o40016, changed to 0o0
Warning: 556 Decode overwriting core location 0o2170: was 0o102713, changed to 0o177776
Warning: 556 Decode overwriting core location 0o2171: was 0o41330, changed to 0o0
Warning: 556 Decode overwriting core location 0o2172: was 0o106714, changed to 0o0
Warning: 556 Decode overwriting core location 0o2173: was 0o75134, changed to 0o0
Warning: 556 Decode overwriting core location 0o2174: was 0o74050, changed to 0o0
Warning: 556 Decode overwriting core location 0o2175: was 0o102442, changed to 0o0
Warning: 556 Decode overwriting core location 0o2176: was 0o40016, changed to 0o0
Warning: 556 Decode overwriting core location 0o2177: was 0o102743, changed to 0o177777
Warning: 556 Decode overwriting core location 0o2200: was 0o41330, changed to 0o177777
Warning: 556 Decode overwriting core location 0o2201: was 0o106744, changed to 0o177777
Warning: 556 Decode overwriting core location 0o2202: was 0o75134, changed to 0o177777
Warning: 556 Decode overwriting core location 0o2203: was 0o74054, changed to 0o177777
Warning: 556 Decode overwriting core location 0o2204: was 0o102442, changed to 0o177777
Warning: 556 Decode overwriting core location 0o2205: was 0o40016, changed to 0o177777
Warning: 556 Decode overwriting core location 0o2206: was 0o102715, changed to 0o0
Warning: 556 Decode overwriting core location 0o2207: was 0o41330, changed to 0o1000
Warning: 556 Decode overwriting core location 0o2210: was 0o106716, changed to 0o1000
Warning: 556 Decode overwriting core location 0o2211: was 0o75134, changed to 0o100000
Warning: 556 Decode overwriting core location 0o2212: was 0o74057, changed to 0o100000
Warning: 556 Decode overwriting core location 0o2213: was 0o51176, changed to 0o100000
Warning: 556 Decode overwriting core location 0o2214: was 0o40003, changed to 0o100000
Warning: 556 Decode overwriting core location 0o2215: was 0o171004, changed to 0o100000
Warning: 556 Decode overwriting core location 0o2216: was 0o71175, changed to 0o100000
Warning: 556 Decode overwriting core location 0o2217: was 0o101330, changed to 0o100000
Warning: 556 Decode overwriting core location 0o2220: was 0o171023, changed to 0o100000
Warning: 556 Decode overwriting core location 0o2221: was 0o110016, changed to 0o0
Warning: 556 Decode overwriting core location 0o2222: was 0o40016, changed to 0o0
Warning: 556 Decode overwriting core location 0o2223: was 0o112422, changed to 0o0
Warning: 556 Decode overwriting core location 0o2224: was 0o45150, changed to 0o0
Warning: 556 Decode overwriting core location 0o2225: was 0o44354, changed to 0o2
Warning: 556 Decode overwriting core location 0o2226: was 0o44507, changed to 0o0
Warning: 556 Decode overwriting core location 0o2227: was 0o100000, changed to 0o0
Warning: 556 Decode overwriting core location 0o2230: was 0o40022, changed to 0o3
Warning: 556 Decode overwriting core location 0o2231: was 0o176476, changed to 0o0
Warning: 556 Decode overwriting core location 0o2232: was 0o41331, changed to 0o0
Warning: 556 Decode overwriting core location 0o2233: was 0o101330, changed to 0o0
Warning: 556 Decode overwriting core location 0o2234: was 0o174732, changed to 0o0
Warning: 556 Decode overwriting core location 0o2235: was 0o171006, changed to 0o0
Warning: 556 Decode overwriting core location 0o2236: was 0o41332, changed to 0o0
Warning: 556 Decode overwriting core location 0o2237: was 0o100003, changed to 0o0
Warning: 556 Decode overwriting core location 0o2240: was 0o171005, changed to 0o52341
Warning: 556 Decode overwriting core location 0o2241: was 0o70460, changed to 0o100016
Warning: 556 Decode overwriting core location 0o2242: was 0o101330, changed to 0o112447
Warning: 556 Decode overwriting core location 0o2243: was 0o171023, changed to 0o42277
Warning: 556 Decode overwriting core location 0o2244: was 0o64000, changed to 0o116450
Warning: 556 Decode overwriting core location 0o2245: was 0o171006, changed to 0o72342
Warning: 556 Decode overwriting core location 0o2246: was 0o40003, changed to 0o102475
Warning: 556 Decode overwriting core location 0o2247: was 0o112421, changed to 0o42275
Warning: 556 Decode overwriting core location 0o2250: was 0o45173, changed to 0o102451
Warning: 556 Decode overwriting core location 0o2251: was 0o44356, changed to 0o42354
Warning: 556 Decode overwriting core location 0o2252: was 0o100000, changed to 0o100022
Warning: 556 Decode overwriting core location 0o2253: was 0o40012, changed to 0o176476
Warning: 556 Decode overwriting core location 0o2254: was 0o71177, changed to 0o161007
Warning: 556 Decode overwriting core location 0o2255: was 0o74000, changed to 0o116477
Warning: 556 Decode overwriting core location 0o2256: was 0o101332, changed to 0o72346
Warning: 556 Decode overwriting core location 0o2257: was 0o171006, changed to 0o112454
Warning: 556 Decode overwriting core location 0o2260: was 0o71205, changed to 0o46323
Warning: 556 Decode overwriting core location 0o2261: was 0o171001, changed to 0o132275
Warning: 556 Decode overwriting core location 0o2262: was 0o71214, changed to 0o132275
Warning: 556 Decode overwriting core location 0o2263: was 0o75176, changed to 0o100000
Warning: 556 Decode overwriting core location 0o2264: was 0o171001, changed to 0o42276
Warning: 556 Decode overwriting core location 0o2265: was 0o71176, changed to 0o102277
Warning: 556 Decode overwriting core location 0o2266: was 0o171001, changed to 0o112453
Warning: 556 Decode overwriting core location 0o2267: was 0o71176, changed to 0o46335
Warning: 556 Decode overwriting core location 0o2270: was 0o100022, changed to 0o46340
Warning: 556 Decode overwriting core location 0o2271: was 0o71223, changed to 0o116456
Warning: 556 Decode overwriting core location 0o2272: was 0o75176, changed to 0o46334
Warning: 556 Decode overwriting core location 0o2273: was 0o101331, changed to 0o102275
Warning: 556 Decode overwriting core location 0o2274: was 0o171006, changed to 0o40000
Warning: 556 Decode overwriting core location 0o2275: was 0o71176, changed to 0o100000
Warning: 556 Decode overwriting core location 0o2276: was 0o171001, changed to 0o176472
Warning: 556 Decode overwriting core location 0o2277: was 0o71223, changed to 0o112276
Warning: 556 Decode overwriting core location 0o2300: was 0o171001, changed to 0o40000
Warning: 556 Decode overwriting core location 0o2301: was 0o71176, changed to 0o74000
Warning: 556 Decode overwriting core location 0o2302: was 0o102476, changed to 0o102474
Warning: 556 Decode overwriting core location 0o2303: was 0o174012, changed to 0o42275
Warning: 556 Decode overwriting core location 0o2304: was 0o41330, changed to 0o102452
Warning: 556 Decode overwriting core location 0o2305: was 0o115307, changed to 0o76311
Warning: 556 Decode overwriting core location 0o2306: was 0o134000, changed to 0o134000
Warning: 556 Decode overwriting core location 0o2307: was 0o71240, changed to 0o72352
Warning: 556 Decode overwriting core location 0o2310: was 0o100016, changed to 0o102441
Warning: 556 Decode overwriting core location 0o2311: was 0o171014, changed to 0o76324
Warning: 556 Decode overwriting core location 0o2312: was 0o72551, changed to 0o100022
Warning: 556 Decode overwriting core location 0o2313: was 0o101330, changed to 0o176436
Warning: 556 Decode overwriting core location 0o2314: was 0o134000, changed to 0o0
Warning: 556 Decode overwriting core location 0o2315: was 0o71240, changed to 0o112457
Warning: 556 Decode overwriting core location 0o2316: was 0o75176, changed to 0o46323
Warning: 556 Decode overwriting core location 0o2317: was 0o100012, changed to 0o76322
Warning: 556 Decode overwriting core location 0o2320: was 0o171002, changed to 0o52341
Warning: 556 Decode overwriting core location 0o2321: was 0o71244, changed to 0o100003
Warning: 556 Decode overwriting core location 0o2322: was 0o75176, changed to 0o42277
Warning: 556 Decode overwriting core location 0o2323: was 0o171007, changed to 0o102473
Warning: 556 Decode overwriting core location 0o2324: was 0o70450, changed to 0o42275
Warning: 556 Decode overwriting core location 0o2325: was 0o171034, changed to 0o100012
Warning: 556 Decode overwriting core location 0o2326: was 0o71054, changed to 0o171006
Warning: 556 Decode overwriting core location 0o2327: was 0o100000, changed to 0o72400
Warning: 556 Decode overwriting core location 0o2330: was 0o41336, changed to 0o171001
Warning: 556 Decode overwriting core location 0o2331: was 0o100016, changed to 0o72402
Warning: 556 Decode overwriting core location 0o2332: was 0o171014, changed to 0o171001
Warning: 556 Decode overwriting core location 0o2333: was 0o71273, changed to 0o72404
Warning: 556 Decode overwriting core location 0o2334: was 0o102425, changed to 0o102455
Warning: 556 Decode overwriting core location 0o2335: was 0o45260, changed to 0o46415
Warning: 556 Decode overwriting core location 0o2336: was 0o44251, changed to 0o102452
Warning: 556 Decode overwriting core location 0o2337: was 0o100000, changed to 0o76410
Warning: 556 Decode overwriting core location 0o2340: was 0o41337, changed to 0o102437
Warning: 556 Decode overwriting core location 0o2341: was 0o101337, changed to 0o76324
Warning: 556 Decode overwriting core location 0o2342: was 0o45264, changed to 0o102440
Warning: 556 Decode overwriting core location 0o2343: was 0o171000, changed to 0o76324
Warning: 556 Decode overwriting core location 0o2344: was 0o70421, changed to 0o132275
Warning: 556 Decode overwriting core location 0o2345: was 0o101337, changed to 0o102454
Warning: 556 Decode overwriting core location 0o2346: was 0o176436, changed to 0o46415
Warning: 556 Decode overwriting core location 0o2347: was 0o112435, changed to 0o102451
Warning: 556 Decode overwriting core location 0o2350: was 0o44250, changed to 0o42354
Warning: 556 Decode overwriting core location 0o2351: was 0o74247, changed to 0o100012
Warning: 556 Decode overwriting core location 0o2352: was 0o102426, changed to 0o171011
Warning: 556 Decode overwriting core location 0o2353: was 0o75256, changed to 0o72417
Warning: 556 Decode overwriting core location 0o2354: was 0o101330, changed to 0o132275
Warning: 556 Decode overwriting core location 0o2355: was 0o115312, changed to 0o100000
Warning: 556 Decode overwriting core location 0o2356: was 0o75235, changed to 0o76324
Warning: 556 Decode overwriting core location 0o2357: was 0o147400, changed to 0o100012
Warning: 556 Decode overwriting core location 0o2360: was 0o100200, changed to 0o76353
Warning: 556 Decode overwriting core location 0o2361: was 0o20, changed to 0o1630
Warning: 556 Decode overwriting core location 0o2362: was 0o2000, changed to 0o1710
Warning: 556 Decode overwriting core location 0o2363: was 0o102260, changed to 0o2130
Warning: 556 Decode overwriting core location 0o2364: was 0o42251, changed to 0o2210
Warning: 556 Decode overwriting core location 0o2365: was 0o3, changed to 0o2247
Warning: 556 Decode overwriting core location 0o2366: was 0o1000, changed to 0o2250
Warning: 556 Decode overwriting core location 0o2367: was 0o16000, changed to 0o177600
Warning: 556 Decode overwriting core location 0o2370: was 0o40, changed to 0o100000
Warning: 556 Decode overwriting core location 0o2371: was 0o200, changed to 0o40000
Warning: 556 Decode overwriting core location 0o2372: was 0o1314, changed to 0o20000
Warning: 556 Decode overwriting core location 0o2373: was 0o177577, changed to 0o10000
Warning: 556 Decode overwriting core location 0o2374: was 0o46100, changed to 0o4000
Warning: 556 Decode overwriting core location 0o2375: was 0o1100, changed to 0o2430
Warning: 556 Decode overwriting core location 0o2376: was 0o0, changed to 0o7
Warning: 556 Decode overwriting core location 0o2377: was 0o0, changed to 0o160
Warning: 556 Decode overwriting core location 0o2400: was 0o0, changed to 0o137
Warning: 556 Decode overwriting core location 0o2401: was 0o0, changed to 0o150
Warning: 556 Decode overwriting core location 0o2402: was 0o0, changed to 0o10
Warning: 556 Decode overwriting core location 0o2403: was 0o0, changed to 0o50
Warning: 556 Decode overwriting core location 0o2404: was 0o0, changed to 0o174
Warning: 556 Decode overwriting core location 0o2405: was 0o0, changed to 0o154
Warning: 556 Decode overwriting core location 0o2406: was 0o0, changed to 0o170
Warning: 556 Decode overwriting core location 0o2407: was 0o0, changed to 0o60
Warning: 556 Decode overwriting core location 0o2410: was 0o0, changed to 0o67
Warning: 556 Decode overwriting core location 0o2411: was 0o0, changed to 0o112477
Warning: 556 Decode overwriting core location 0o2412: was 0o0, changed to 0o114001
Warning: 556 Decode overwriting core location 0o2413: was 0o0, changed to 0o1530
Warning: 556 Decode overwriting core location 0o2414: was 0o0, changed to 0o2443
Warning: 556 Decode overwriting core location 0o2415: was 0o0, changed to 0o2442
Warning: 556 Decode overwriting core location 0o2416: was 0o0, changed to 0o100
Warning: 556 Decode overwriting core location 0o2417: was 0o0, changed to 0o2460
Warning: 556 Decode overwriting core location 0o2420: was 0o0, changed to 0o167
Warning: 556 Decode overwriting core location 0o2421: was 0o0, changed to 0o21
Warning: 556 Decode overwriting core location 0o2422: was 0o0, changed to 0o153
Warning: 556 Decode overwriting core location 0o2423: was 0o0, changed to 0o73
Warning: 556 Decode overwriting core location 0o2424: was 0o0, changed to 0o35
Warning: 556 Decode overwriting core location 0o2425: was 0o0, changed to 0o76
Warning: 556 Decode overwriting core location 0o2426: was 0o0, changed to 0o176
Warning: 556 Decode overwriting core location 0o2427: was 0o0, changed to 0o23
Warning: 556 Decode overwriting core location 0o2430: was 0o0, changed to 0o177
Warning: 556 Decode overwriting core location 0o2431: was 0o0, changed to 0o77
Warning: 556 Decode overwriting core location 0o2432: was 0o0, changed to 0o77400
Warning: 556 Decode overwriting core location 0o2433: was 0o0, changed to 0o602
Warning: 556 Decode overwriting core location 0o2434: was 0o0, changed to 0o605
Warning: 556 Decode overwriting core location 0o2435: was 0o0, changed to 0o610
Warning: 556 Decode overwriting core location 0o2436: was 0o0, changed to 0o1600
Warning: 556 Decode overwriting core location 0o2437: was 0o0, changed to 0o4
Warning: 556 Decode overwriting core location 0o2440: was 0o0, changed to 0o52527
Warning: 556 Decode overwriting core location 0o2441: was 0o0, changed to 0o102436
Warning: 556 Decode overwriting core location 0o2442: was 0o0, changed to 0o174016
Warning: 556 Decode overwriting core location 0o2443: was 0o0, changed to 0o41336
Warning: 556 Decode overwriting core location 0o2444: was 0o0, changed to 0o101337
Warning: 556 Decode overwriting core location 0o2445: was 0o0, changed to 0o112421
Warning: 556 Decode overwriting core location 0o2446: was 0o0, changed to 0o46515
Warning: 556 Decode overwriting core location 0o2447: was 0o0, changed to 0o46526
Warning: 556 Decode overwriting core location 0o2450: was 0o0, changed to 0o101337
Warning: 556 Decode overwriting core location 0o2451: was 0o0, changed to 0o112423
Warning: 556 Decode overwriting core location 0o2452: was 0o0, changed to 0o46513
Warning: 556 Decode overwriting core location 0o2453: was 0o0, changed to 0o100000
Warning: 556 Decode overwriting core location 0o2454: was 0o0, changed to 0o41335
Warning: 556 Decode overwriting core location 0o2455: was 0o0, changed to 0o100000
Warning: 556 Decode overwriting core location 0o2456: was 0o0, changed to 0o41334
Warning: 556 Decode overwriting core location 0o2457: was 0o0, changed to 0o171012
Warning: 556 Decode overwriting core location 0o2460: was 0o0, changed to 0o72530
Warning: 556 Decode overwriting core location 0o2461: was 0o0, changed to 0o101334
Warning: 556 Decode overwriting core location 0o2462: was 0o0, changed to 0o171013
Warning: 556 Decode overwriting core location 0o2463: was 0o0, changed to 0o72540
Warning: 556 Decode overwriting core location 0o2464: was 0o0, changed to 0o106442
Warning: 556 Decode overwriting core location 0o2465: was 0o0, changed to 0o175334
Warning: 556 Decode overwriting core location 0o2466: was 0o0, changed to 0o40000
Warning: 556 Decode overwriting core location 0o2467: was 0o0, changed to 0o74000
Warning: 556 Decode overwriting core location 0o2470: was 0o0, changed to 0o101335
Warning: 556 Decode overwriting core location 0o2471: was 0o0, changed to 0o171023
Warning: 556 Decode overwriting core location 0o2472: was 0o0, changed to 0o115336
Warning: 556 Decode overwriting core location 0o2473: was 0o0, changed to 0o134000
Warning: 556 Decode overwriting core location 0o2474: was 0o0, changed to 0o72536
Warning: 556 Decode overwriting core location 0o2475: was 0o0, changed to 0o76521
Warning: 556 Decode overwriting core location 0o2476: was 0o0, changed to 0o105311
Warning: 556 Decode overwriting core location 0o2477: was 0o0, changed to 0o76525
Warning: 556 Decode overwriting core location 0o2500: was 0o0, changed to 0o101310
Warning: 556 Decode overwriting core location 0o2501: was 0o0, changed to 0o175335
Warning: 556 Decode overwriting core location 0o2502: was 0o0, changed to 0o171026
Warning: 556 Decode overwriting core location 0o2503: was 0o0, changed to 0o115336
Warning: 556 Decode overwriting core location 0o2504: was 0o0, changed to 0o134000
Warning: 556 Decode overwriting core location 0o2505: was 0o0, changed to 0o72547
Warning: 556 Decode overwriting core location 0o2506: was 0o0, changed to 0o76524
Warning: 556 Decode overwriting core location 0o2507: was 0o100000, changed to 0o105302
Warning: 556 Decode overwriting core location 0o2510: was 0o100000, changed to 0o76525
Warning: 556 Decode overwriting core location 0o2511: was 0o100000, changed to 0o101330
Warning: 556 Decode overwriting core location 0o2512: was 0o100000, changed to 0o115312
Warning: 556 Decode overwriting core location 0o2513: was 0o100000, changed to 0o75235
Warning: 556 Decode overwriting core location 0o2514: was 0o100000, changed to 0o170017
Warning: 556 Decode overwriting core location 0o2515: was 0o100000, changed to 0o171013
Warning: 556 Decode overwriting core location 0o2516: was 0o100000, changed to 0o41333
Warning: 556 Decode overwriting core location 0o2517: was 0o100000, changed to 0o102267
Warning: 556 Decode overwriting core location 0o2520: was 0o100000, changed to 0o72562
Warning: 556 Decode overwriting core location 0o2521: was 0o100000, changed to 0o74066
Warning: 556 Decode overwriting core location 0o2522: was 0o100000, changed to 0o176471
Warning: 556 Decode overwriting core location 0o2523: was 0o100000, changed to 0o40003
Warning: 556 Decode overwriting core location 0o2524: was 0o100000, changed to 0o102434
Warning: 556 Decode overwriting core location 0o2525: was 0o100000, changed to 0o74116
Warning: 556 Decode overwriting core location 0o2526: was 0o100000, changed to 0o101330
Warning: 556 Decode overwriting core location 0o2527: was 0o100000, changed to 0o171007
Warning: 556 Decode overwriting core location 0o2530: was 0o100000, changed to 0o70244
Warning: 556 Decode overwriting core location 0o2531: was 0o100000, changed to 0o104001
Warning: 556 Decode overwriting core location 0o2532: was 0o100000, changed to 0o134000
Warning: 556 Decode overwriting core location 0o2533: was 0o100000, changed to 0o61320
Warning: 556 Decode overwriting core location 0o2534: was 0o100000, changed to 0o106434
Warning: 556 Decode overwriting core location 0o2535: was 0o100000, changed to 0o174000
Warning: 556 Decode overwriting core location 0o2536: was 0o100000, changed to 0o40000
Warning: 556 Decode overwriting core location 0o2537: was 0o100000, changed to 0o74164
Warning: 556 Decode overwriting core location 0o2540: was 0o100000, changed to 0o102603
Warning: 556 Decode overwriting core location 0o2541: was 0o100000, changed to 0o77706
Warning: 556 Decode overwriting core location 0o2542: was 0o100000, changed to 0o74040
Warning: 556 Decode overwriting core location 0o2543: was 0o100000, changed to 0o2604
Warning: 556 Decode overwriting core location 0o2544: was 0o100000, changed to 0o177631
Warning: 556 Decode overwriting core location 0o2545: was 0o100000, changed to 0o6556
Warning: 556 Decode overwriting core location 0o2546: was 0o100000, changed to 0o40
Warning: 556 Decode overwriting core location 0o2547: was 0o100000, changed to 0o100012
Warning: 556 Decode overwriting core location 0o2550: was 0o100000, changed to 0o174731
Warning: 556 Decode overwriting core location 0o2551: was 0o100000, changed to 0o40012
Warning: 556 Decode overwriting core location 0o2552: was 0o100000, changed to 0o74167
Warning: 556 Decode overwriting core location 0o2553: was 0o100000, changed to 0o0
Warning: 556 Decode overwriting core location 0o2554: was 0o100000, changed to 0o0
Warning: 556 Decode overwriting core location 0o2555: was 0o100000, changed to 0o0
Warning: 556 Decode overwriting core location 0o2556: was 0o100000, changed to 0o100102
Warning: 556 Decode overwriting core location 0o2557: was 0o100000, changed to 0o1631
Warning: 556 Decode overwriting core location 0o2560: was 0o100000, changed to 0o100111
Warning: 556 Decode overwriting core location 0o2561: was 0o100000, changed to 0o24150
Warning: 556 Decode overwriting core location 0o2562: was 0o100000, changed to 0o114146
Warning: 556 Decode overwriting core location 0o2563: was 0o100000, changed to 0o24151
Warning: 556 Decode overwriting core location 0o2564: was 0o100000, changed to 0o40012
Warning: 556 Decode overwriting core location 0o2565: was 0o100000, changed to 0o100102
Warning: 556 Decode overwriting core location 0o2566: was 0o100000, changed to 0o110146
Warning: 556 Decode overwriting core location 0o2567: was 0o100000, changed to 0o3611
Warning: 556 Decode overwriting core location 0o2570: was 0o100000, changed to 0o100012
Warning: 556 Decode overwriting core location 0o2571: was 0o100000, changed to 0o24120
Warning: 556 Decode overwriting core location 0o2572: was 0o100000, changed to 0o110147
Warning: 556 Decode overwriting core location 0o2573: was 0o100000, changed to 0o24127
Warning: 556 Decode overwriting core location 0o2574: was 0o100000, changed to 0o110147
Warning: 556 Decode overwriting core location 0o2575: was 0o100000, changed to 0o24136
Warning: 556 Decode overwriting core location 0o2576: was 0o100000, changed to 0o130040
Warning: 556 Decode overwriting core location 0o2577: was 0o100000, changed to 0o130042
Warning: 556 Decode overwriting core location 0o2600: was 0o100000, changed to 0o130047
Warning: 556 Decode overwriting core location 0o2601: was 0o100000, changed to 0o130053
Warning: 556 Decode overwriting core location 0o2602: was 0o100000, changed to 0o130055
Warning: 556 Decode overwriting core location 0o2603: was 0o100000, changed to 0o130057
Warning: 556 Decode overwriting core location 0o2604: was 0o100000, changed to 0o114145
Warning: 556 Decode overwriting core location 0o2605: was 0o100000, changed to 0o70040
Warning: 556 Decode overwriting core location 0o2606: was 0o100000, changed to 0o100152
Warning: 556 Decode overwriting core location 0o2607: was 0o0, changed to 0o1626
Warning: 556 Decode overwriting core location 0o2610: was 0o0, changed to 0o100163
Warning: 556 Decode overwriting core location 0o2611: was 0o0, changed to 0o24174
Warning: 556 Decode overwriting core location 0o2612: was 0o0, changed to 0o130070
Warning: 556 Decode overwriting core location 0o2613: was 0o0, changed to 0o130072
Warning: 556 Decode overwriting core location 0o2614: was 0o0, changed to 0o130073
Warning: 556 Decode overwriting core location 0o2615: was 0o0, changed to 0o114205
Warning: 556 Decode overwriting core location 0o2616: was 0o0, changed to 0o70070
Warning: 556 Decode overwriting core location 0o2617: was 0o0, changed to 0o77732
Warning: 556 Decode overwriting core location 0o2620: was 0o0, changed to 0o11211
Warning: 556 Decode overwriting core location 0o2621: was 0o0, changed to 0o167542
Warning: 556 Decode overwriting core location 0o2622: was 0o0, changed to 0o50143
Warning: 556 Decode overwriting core location 0o2623: was 0o0, changed to 0o6666
Warning: 556 Decode overwriting core location 0o2624: was 0o0, changed to 0o2473
Warning: 556 Decode overwriting core location 0o2625: was 0o0, changed to 0o3230
Warning: 556 Decode overwriting core location 0o2626: was 0o0, changed to 0o30342
Warning: 556 Decode overwriting core location 0o2627: was 0o0, changed to 0o154570
Warning: 556 Decode overwriting core location 0o2630: was 0o0, changed to 0o170706
Warning: 556 Decode overwriting core location 0o2631: was 0o0, changed to 0o2237
Warning: 556 Decode overwriting core location 0o2632: was 0o0, changed to 0o160675
Warning: 556 Decode overwriting core location 0o2633: was 0o0, changed to 0o161573
Warning: 556 Decode overwriting core location 0o2634: was 0o0, changed to 0o130103
Warning: 556 Decode overwriting core location 0o2635: was 0o0, changed to 0o152473
Warning: 556 Decode overwriting core location 0o2636: was 0o0, changed to 0o77400
Warning: 556 Decode overwriting core location 0o2637: was 0o0, changed to 0o47000
Warning: 556 Decode overwriting core location 0o2640: was 0o0, changed to 0o53400
Warning: 556 Decode overwriting core location 0o2641: was 0o0, changed to 0o77400
Warning: 556 Decode overwriting core location 0o2642: was 0o0, changed to 0o37000
Warning: 556 Decode overwriting core location 0o2643: was 0o0, changed to 0o63000
Warning: 556 Decode overwriting core location 0o2644: was 0o0, changed to 0o63000
Warning: 556 Decode overwriting core location 0o2645: was 0o0, changed to 0o67000
Warning: 556 Decode overwriting core location 0o2646: was 0o0, changed to 0o16000
Warning: 556 Decode overwriting core location 0o2647: was 0o0, changed to 0o56400
Warning: 556 Decode overwriting core location 0o2650: was 0o0, changed to 0o73400
Warning: 556 Decode overwriting core location 0o2651: was 0o0, changed to 0o16000
Warning: 556 Decode overwriting core location 0o2652: was 0o0, changed to 0o67000
Warning: 556 Decode overwriting core location 0o2653: was 0o0, changed to 0o73400
Warning: 556 Decode overwriting core location 0o2654: was 0o0, changed to 0o73400
Warning: 556 Decode overwriting core location 0o2655: was 0o0, changed to 0o56400
Warning: 556 Decode overwriting core location 0o2656: was 0o0, changed to 0o25000
Warning: 556 Decode overwriting core location 0o2657: was 0o0, changed to 0o37000
Warning: 556 Decode overwriting core location 0o2660: was 0o0, changed to 0o56400
Warning: 556 Decode overwriting core location 0o2661: was 0o0, changed to 0o67000
Warning: 556 Decode overwriting core location 0o2662: was 0o0, changed to 0o53400
Warning: 556 Decode overwriting core location 0o2663: was 0o0, changed to 0o24144
Warning: 556 Decode overwriting core location 0o2664: was 0o0, changed to 0o1200
Warning: 556 Decode overwriting core location 0o2665: was 0o0, changed to 0o640
Warning: 556 Decode overwriting core location 0o2666: was 0o0, changed to 0o157420
Warning: 556 Decode overwriting core location 0o2667: was 0o73400, changed to 0o20020
Warning: 556 Decode overwriting core location 0o2670: was 0o73400, changed to 0o12747
Warning: 556 Decode overwriting core location 0o2671: was 0o73400, changed to 0o27563
Warning: 556 Decode overwriting core location 0o2672: was 0o73400, changed to 0o34615
Warning: 556 Decode overwriting core location 0o2673: was 0o73400, changed to 0o27563
Warning: 556 Decode overwriting core location 0o2674: was 0o73400, changed to 0o12747
Warning: 556 Decode overwriting core location 0o2675: was 0o73400, changed to 0o174324
Warning: 556 Decode overwriting core location 0o2676: was 0o73400, changed to 0o162730
Warning: 556 Decode overwriting core location 0o2677: was 0o73400, changed to 0o162730
Warning: 556 Decode overwriting core location 0o2700: was 0o73400, changed to 0o174324
Warning: 556 Decode overwriting core location 0o2701: was 0o73400, changed to 0o5440
Warning: 556 Decode overwriting core location 0o2702: was 0o73400, changed to 0o176140
Warning: 556 Decode overwriting core location 0o2703: was 0o73400, changed to 0o160243
Warning: 556 Decode overwriting core location 0o2704: was 0o73400, changed to 0o142346
Warning: 556 Decode overwriting core location 0o2705: was 0o73400, changed to 0o133044
Warning: 556 Decode overwriting core location 0o2706: was 0o73400, changed to 0o135506
Warning: 556 Decode overwriting core location 0o2707: was 0o0, changed to 0o150740
Warning: 556 Decode overwriting core location 0o2710: was 0o0, changed to 0o167545
Warning: 556 Decode overwriting core location 0o2711: was 0o0, changed to 0o2776
Warning: 556 Decode overwriting core location 0o2712: was 0o0, changed to 0o6203
Warning: 556 Decode overwriting core location 0o2713: was 0o0, changed to 0o56243
Warning: 556 Decode overwriting core location 0o2714: was 0o0, changed to 0o76363
Warning: 556 Decode overwriting core location 0o2715: was 0o0, changed to 0o64110
Warning: 556 Decode overwriting core location 0o2716: was 0o0, changed to 0o20174
Warning: 556 Decode overwriting core location 0o2717: was 0o0, changed to 0o145564
Warning: 556 Decode overwriting core location 0o2720: was 0o0, changed to 0o105464
Warning: 556 Decode overwriting core location 0o2721: was 0o0, changed to 0o101737
Warning: 556 Decode overwriting core location 0o2722: was 0o0, changed to 0o133627
Warning: 556 Decode overwriting core location 0o2723: was 0o0, changed to 0o24204
Warning: 556 Decode overwriting core location 0o2724: was 0o0, changed to 0o100000
Warning: 556 Decode overwriting core location 0o2725: was 0o0, changed to 0o40016
Warning: 556 Decode overwriting core location 0o2726: was 0o0, changed to 0o101260
Warning: 556 Decode overwriting core location 0o2727: was 0o0, changed to 0o171001
Warning: 556 Decode overwriting core location 0o2730: was 0o0, changed to 0o70251
Warning: 556 Decode overwriting core location 0o2731: was 0o0, changed to 0o101710
Warning: 556 Decode overwriting core location 0o2732: was 0o0, changed to 0o70233
Warning: 556 Decode overwriting core location 0o2733: was 0o0, changed to 0o130042
Warning: suspicious WW block length: count=0(d), actual block length=1(d)
Warning: Writing beyond end of Core address at addr=0o4000, offset=0o1046, core-size=0o4000
Warning: 556 Decode overwriting core location 0o2734: was 0o0, changed to 0o130045
Warning: 556 Decode overwriting core location 0o2735: was 0o0, changed to 0o130235
Warning: 556 Decode overwriting core location 0o2736: was 0o0, changed to 0o130243
Warning: 556 Decode overwriting core location 0o2737: was 0o0, changed to 0o130245
Warning: 556 Decode overwriting core location 0o2740: was 0o0, changed to 0o130247
Warning: 556 Decode overwriting core location 0o2741: was 0o0, changed to 0o37150
Warning: 556 Decode overwriting core location 0o2742: was 0o0, changed to 0o130016
Warning: 556 Decode overwriting core location 0o2743: was 0o0, changed to 0o114730
Warning: 556 Decode overwriting core location 0o2744: was 0o0, changed to 0o70042
Warning: 556 Decode overwriting core location 0o2745: was 0o0, changed to 0o101312
Warning: 556 Decode overwriting core location 0o2746: was 0o0, changed to 0o77706
Warning: 556 Decode overwriting core location 0o2747: was 0o0, changed to 0o100000
Warning: 556 Decode overwriting core location 0o2750: was 0o0, changed to 0o40003
Warning: 556 Decode overwriting core location 0o2751: was 0o0, changed to 0o101200
Warning: 556 Decode overwriting core location 0o2752: was 0o0, changed to 0o171001
Warning: 556 Decode overwriting core location 0o2753: was 0o0, changed to 0o70347
Warning: 556 Decode overwriting core location 0o2754: was 0o0, changed to 0o101630
Warning: 556 Decode overwriting core location 0o2755: was 0o0, changed to 0o70441
Warning: 556 Decode overwriting core location 0o2756: was 0o0, changed to 0o130065
Warning: 556 Decode overwriting core location 0o2757: was 0o0, changed to 0o130070
Warning: 556 Decode overwriting core location 0o2760: was 0o0, changed to 0o130407
Warning: 556 Decode overwriting core location 0o2761: was 0o0, changed to 0o130411
Warning: 556 Decode overwriting core location 0o2762: was 0o0, changed to 0o37150
Warning: 556 Decode overwriting core location 0o2763: was 0o0, changed to 0o130003
Warning: 556 Decode overwriting core location 0o2764: was 0o0, changed to 0o114726
Warning: 556 Decode overwriting core location 0o2765: was 0o0, changed to 0o70065
Warning: 556 Decode overwriting core location 0o2766: was 0o0, changed to 0o102270
Warning: 556 Decode overwriting core location 0o2767: was 0o0, changed to 0o115306
Warning: 556 Decode overwriting core location 0o2770: was 0o0, changed to 0o70147
Warning: 556 Decode overwriting core location 0o2771: was 0o0, changed to 0o101305
Warning: 556 Decode overwriting core location 0o2772: was 0o0, changed to 0o44112
Warning: 556 Decode overwriting core location 0o2773: was 0o0, changed to 0o44123
Warning: 556 Decode overwriting core location 0o2774: was 0o0, changed to 0o111306
Warning: 556 Decode overwriting core location 0o2775: was 0o0, changed to 0o44121
Warning: 556 Decode overwriting core location 0o2776: was 0o0, changed to 0o102251
Warning: 556 Decode overwriting core location 0o2777: was 0o0, changed to 0o70121
Warning: 556 Decode overwriting core location 0o3000: was 0o0, changed to 0o130123
Warning: 556 Decode overwriting core location 0o3001: was 0o0, changed to 0o130112
Warning: 556 Decode overwriting core location 0o3002: was 0o0, changed to 0o114720
Warning: 556 Decode overwriting core location 0o3003: was 0o0, changed to 0o70112
Warning: 556 Decode overwriting core location 0o3004: was 0o0, changed to 0o74130
Warning: 556 Decode overwriting core location 0o3005: was 0o0, changed to 0o102254
Warning: 556 Decode overwriting core location 0o3006: was 0o0, changed to 0o70173
Warning: 556 Decode overwriting core location 0o3007: was 0o0, changed to 0o42251
Warning: 556 Decode overwriting core location 0o3010: was 0o0, changed to 0o130121
Warning: 556 Decode overwriting core location 0o3011: was 0o0, changed to 0o130123
Warning: 556 Decode overwriting core location 0o3012: was 0o0, changed to 0o114735
Warning: 556 Decode overwriting core location 0o3013: was 0o0, changed to 0o70115
Warning: 556 Decode overwriting core location 0o3014: was 0o0, changed to 0o100121
Warning: 556 Decode overwriting core location 0o3015: was 0o0, changed to 0o115304
Warning: 556 Decode overwriting core location 0o3016: was 0o0, changed to 0o70121
Warning: 556 Decode overwriting core location 0o3017: was 0o0, changed to 0o100123
Warning: 556 Decode overwriting core location 0o3020: was 0o0, changed to 0o114735
Warning: 556 Decode overwriting core location 0o3021: was 0o0, changed to 0o70203
Warning: 556 Decode overwriting core location 0o3022: was 0o0, changed to 0o110727
Warning: 556 Decode overwriting core location 0o3023: was 0o0, changed to 0o42270
Warning: 556 Decode overwriting core location 0o3024: was 0o0, changed to 0o111305
Warning: 556 Decode overwriting core location 0o3025: was 0o0, changed to 0o74672
Warning: 556 Decode overwriting core location 0o3026: was 0o0, changed to 0o104000
Warning: 556 Decode overwriting core location 0o3027: was 0o0, changed to 0o40000
Warning: 556 Decode overwriting core location 0o3030: was 0o0, changed to 0o130143
Warning: 556 Decode overwriting core location 0o3031: was 0o0, changed to 0o114723
Warning: 556 Decode overwriting core location 0o3032: was 0o0, changed to 0o70142
Warning: 556 Decode overwriting core location 0o3033: was 0o0, changed to 0o105306
Warning: 556 Decode overwriting core location 0o3034: was 0o0, changed to 0o176261
Warning: 556 Decode overwriting core location 0o3035: was 0o0, changed to 0o42261
Warning: 556 Decode overwriting core location 0o3036: was 0o0, changed to 0o101317
Warning: 556 Decode overwriting core location 0o3037: was 0o0, changed to 0o134000
Warning: 556 Decode overwriting core location 0o3040: was 0o0, changed to 0o70156
Warning: 556 Decode overwriting core location 0o3041: was 0o0, changed to 0o132261
Warning: 556 Decode overwriting core location 0o3042: was 0o0, changed to 0o101324
Warning: 556 Decode overwriting core location 0o3043: was 0o0, changed to 0o134000
Warning: 556 Decode overwriting core location 0o3044: was 0o0, changed to 0o70164
Warning: 556 Decode overwriting core location 0o3045: was 0o0, changed to 0o100727
Warning: 556 Decode overwriting core location 0o3046: was 0o0, changed to 0o134000
Warning: 556 Decode overwriting core location 0o3047: was 0o0, changed to 0o62261
Warning: 556 Decode overwriting core location 0o3050: was 0o0, changed to 0o100710
Warning: 556 Decode overwriting core location 0o3051: was 0o0, changed to 0o77706
Warning: 556 Decode overwriting core location 0o3052: was 0o0, changed to 0o105313
Warning: 556 Decode overwriting core location 0o3053: was 0o0, changed to 0o77706
Warning: 556 Decode overwriting core location 0o3054: was 0o0, changed to 0o104714
Warning: 556 Decode overwriting core location 0o3055: was 0o0, changed to 0o77706
Warning: 556 Decode overwriting core location 0o3056: was 0o0, changed to 0o77732
Warning: 556 Decode overwriting core location 0o3057: was 0o0, changed to 0o130121
Warning: 556 Decode overwriting core location 0o3060: was 0o0, changed to 0o115304
Warning: 556 Decode overwriting core location 0o3061: was 0o0, changed to 0o70121
Warning: 556 Decode overwriting core location 0o3062: was 0o0, changed to 0o74133
Warning: 556 Decode overwriting core location 0o3063: was 0o0, changed to 0o0
Warning: 556 Decode overwriting core location 0o3064: was 0o0, changed to 0o177577
Warning: 556 Decode overwriting core location 0o3065: was 0o0, changed to 0o46500
Warning: 556 Decode overwriting core location 0o3066: was 0o0, changed to 0o2500
Warning: 556 Decode overwriting core location 0o3067: was 0o0, changed to 0o101306
Warning: 556 Decode overwriting core location 0o3070: was 0o0, changed to 0o74137
Warning: 556 Decode overwriting core location 0o3071: was 0o0, changed to 0o50213
Warning: 556 Decode overwriting core location 0o3072: was 0o0, changed to 0o102602
Warning: 556 Decode overwriting core location 0o3073: was 0o0, changed to 0o170017
Warning: 556 Decode overwriting core location 0o3074: was 0o0, changed to 0o171027
Warning: 556 Decode overwriting core location 0o3075: was 0o0, changed to 0o112603
Warning: 556 Decode overwriting core location 0o3076: was 0o0, changed to 0o134000
Warning: 556 Decode overwriting core location 0o3077: was 0o0, changed to 0o74000
Warning: 556 Decode overwriting core location 0o3100: was 0o0, changed to 0o50232
Warning: 556 Decode overwriting core location 0o3101: was 0o0, changed to 0o70223
Warning: 556 Decode overwriting core location 0o3102: was 0o0, changed to 0o171012
Warning: 556 Decode overwriting core location 0o3103: was 0o0, changed to 0o70222
Warning: 556 Decode overwriting core location 0o3104: was 0o0, changed to 0o100177
Warning: 556 Decode overwriting core location 0o3105: was 0o0, changed to 0o74232
Warning: 556 Decode overwriting core location 0o3106: was 0o0, changed to 0o171026
Warning: 556 Decode overwriting core location 0o3107: was 0o0, changed to 0o177115
Warning: 556 Decode overwriting core location 0o3110: was 0o0, changed to 0o161015
Warning: 556 Decode overwriting core location 0o3111: was 0o0, changed to 0o110737
Warning: 556 Decode overwriting core location 0o3112: was 0o0, changed to 0o44231
Warning: 556 Decode overwriting core location 0o3113: was 0o0, changed to 0o100177
Warning: 556 Decode overwriting core location 0o3114: was 0o0, changed to 0o174733
Warning: 556 Decode overwriting core location 0o3115: was 0o0, changed to 0o110000
Warning: 556 Decode overwriting core location 0o3116: was 0o0, changed to 0o74000
Info: ending 556 file without a jump-to
Core Image 2048(d) words, output to file optical-reader-dec23-21-v3a_gs001.tcore
Info: Drum Group DA word: w0=0o2
Warning: suspicious WW block length: count=0(d), actual block length=1(d)
Info: Drum Group DA word: w0=0o2
Warning: Writing beyond end of Core address at addr=0o4000, offset=0o2002, core-size=0o4000
Info: ending 556 file without a jump-to
Core Image 2048(d) words, output to file optical-reader-dec23-21-v3a_gs002.tcore
Info: Drum Group DA word: w0=0o3
Warning: suspicious WW block length: count=0(d), actual block length=1(d)
Info: Drum Group DA word: w0=0o3
Warning: suspicious WW block length: count=0(d), actual block length=1(d)
Warning: Writing beyond end of Core address at addr=0o4000, offset=0o222, core-size=0o4000
Info: ending 556 file without a jump-to
Core Image 2048(d) words, output to file optical-reader-dec23-21-v3a_gs003.tcore
Info: Drum Group DA word: w0=0o4
Info: Drum Group DA word: w0=0o4
Warning: suspicious WW block length: count=0(d), actual block length=1(d)
Warning: Writing beyond end of Core address at addr=0o4000, offset=0o1266, core-size=0o4000
Info: ending 556 file without a jump-to
Core Image 2048(d) words, output to file optical-reader-dec23-21-v3a_gs004.tcore
Info: Drum Group DA word: w0=0o5
Warning: suspicious WW block length: count=808(d), actual block length=470(d)
Warning: 556 block ran out of words
Info: Offset: 0o2610(1416), decode_556_word: non-zero LSBs in c0 or c1: c0=0o0, c1=0o1, c2=0o20
Info: Offset: 0o2616(1422), decode_556_word: non-zero LSBs in c0 or c1: c0=0o6, c1=0o35, c2=0o74
Info: Offset: 0o2624(1428), decode_556_word: non-zero LSBs in c0 or c1: c0=0o6, c1=0o63, c2=0o54
Info: Offset: 0o2635(1437), decode_556_word: non-zero LSBs in c0 or c1: c0=0o6, c1=0o65, c2=0o22
Info: Offset: 0o2640(1440), decode_556_word: non-zero LSBs in c0 or c1: c0=0o4, c1=0o45, c2=0o44
Info: Offset: 0o2643(1443), decode_556_word: non-zero LSBs in c0 or c1: c0=0o0, c1=0o1, c2=0o22
Info: Offset: 0o2646(1446), decode_556_word: non-zero LSBs in c0 or c1: c0=0o4, c1=0o41, c2=0o54
Info: Offset: 0o2651(1449), decode_556_word: non-zero LSBs in c0 or c1: c0=0o4, c1=0o53, c2=0o40
Info: Offset: 0o2654(1452), decode_556_word: non-zero LSBs in c0 or c1: c0=0o6, c1=0o67, c2=0o36
Info: Offset: 0o2657(1455), decode_556_word: non-zero LSBs in c0 or c1: c0=0o4, c1=0o21, c2=0o42
Info: Offset: 0o2673(1467), decode_556_word: non-zero LSBs in c0 or c1: c0=0o6, c1=0o75, c2=0o20
Info: Offset: 0o2701(1473), decode_556_word: non-zero LSBs in c0 or c1: c0=0o4, c1=0o53, c2=0o40
Info: Offset: 0o2704(1476), decode_556_word: non-zero LSBs in c0 or c1: c0=0o6, c1=0o71, c2=0o36
Info: Offset: 0o2707(1479), decode_556_word: non-zero LSBs in c0 or c1: c0=0o4, c1=0o21, c2=0o40
Info: Offset: 0o2723(1491), decode_556_word: non-zero LSBs in c0 or c1: c0=0o6, c1=0o35, c2=0o74
Info: Offset: 0o2731(1497), decode_556_word: non-zero LSBs in c0 or c1: c0=0o10, c1=0o15, c2=0o16
Info: Offset: 0o2742(1506), decode_556_word: non-zero LSBs in c0 or c1: c0=0o4, c1=0o41, c2=0o44
Info: Offset: 0o2745(1509), decode_556_word: non-zero LSBs in c0 or c1: c0=0o0, c1=0o1, c2=0o22
Info: Offset: 0o2750(1512), decode_556_word: non-zero LSBs in c0 or c1: c0=0o4, c1=0o45, c2=0o40
Info: Offset: 0o2753(1515), decode_556_word: non-zero LSBs in c0 or c1: c0=0o6, c1=0o75, c2=0o20
Info: Offset: 0o2756(1518), decode_556_word: non-zero LSBs in c0 or c1: c0=0o4, c1=0o53, c2=0o40
Info: Offset: 0o2764(1524), decode_556_word: non-zero LSBs in c0 or c1: c0=0o4, c1=0o21, c2=0o54
Info: Offset: 0o2775(1533), decode_556_word: non-zero LSBs in c0 or c1: c0=0o2, c1=0o7, c2=0o54
Info: Offset: 0o3003(1539), decode_556_word: non-zero LSBs in c0 or c1: c0=0o6, c1=0o31, c2=0o32
Info: Offset: 0o3006(1542), decode_556_word: non-zero LSBs in c0 or c1: c0=0o6, c1=0o33, c2=0o20
Info: Offset: 0o3011(1545), decode_556_word: non-zero LSBs in c0 or c1: c0=0o6, c1=0o31, c2=0o40
Info: Offset: 0o3014(1548), decode_556_word: non-zero LSBs in c0 or c1: c0=0o6, c1=0o77, c2=0o20
Info: Offset: 0o3017(1551), decode_556_word: non-zero LSBs in c0 or c1: c0=0o6, c1=0o7, c2=0o40
Warning: Warning: Offset: 0o3025(1557), decode_556_word needs 3 char, but called with 1 characters; returning zero
Info: DA Aux Group Program Block Address Word: w0=0o12242
Info: DA Aux Group Program Block Address Word: w0=0o12540
Info: DA Aux Group Program Block Address Word: w0=0o40234
Warning: 556 Decode overwriting core location 0o234: was 0o140154, changed to 0o17154
Info: DA Aux Group Program Block Address Word: w0=0o12536
Info: DA Aux Group Program Block Address Word: w0=0o17222
Warning: 556 Decode: leftover word 0o000022
Info: DA Aux Group Program Block Address Word: w0=0o12054
Info: DA Aux Group Program Block Address Word: w0=0o17336
Info: DA Aux Group Program Block Address Word: w0=0o17420
Info: DA Aux Group Program Block Address Word: w0=0o11442
Info: DA Aux Group Program Block Address Word: w0=0o12554
Info: DA Aux Group Program Block Address Word: w0=0o17436
Info: DA Aux Group Program Block Address Word: w0=0o17022
Info: DA Aux Group Program Block Address Word: w0=0o11440
Info: DA Aux Group Program Block Address Word: w0=0o40134
Warning: 556 Decode overwriting core location 0o134: was 0o40416, changed to 0o20616
Warning: suspicious WW block length: count=13024(d), actual block length=49(d)
Warning: Writing beyond end of Core address at addr=0o35062, offset=0o31377, core-size=0o4000
Warning: 556 block ran out of words
Warning: Warning: Offset: 0o3122(1618), decode_556_word needs 3 char, but called with 1 characters; returning zero
Warning: suspicious WW block length: count=32512(d), actual block length=21(d)
Warning: Writing beyond end of Core address at addr=0o77706, offset=0o77402, core-size=0o4000
Warning: 556 Decode overwriting core location 0o306: was 0o3600, changed to 0o40330
Warning: 556 Decode overwriting core location 0o307: was 0o3600, changed to 0o100370
Warning: 556 Decode overwriting core location 0o310: was 0o40153, changed to 0o40253
Warning: 556 Decode overwriting core location 0o311: was 0o100, changed to 0o104001
Warning: 556 Decode overwriting core location 0o312: was 0o12, changed to 0o40252
Warning: 556 Decode overwriting core location 0o313: was 0o40, changed to 0o130064
Warning: 556 Decode overwriting core location 0o314: was 0o177400, changed to 0o114401
Warning: 556 Decode overwriting core location 0o315: was 0o0, changed to 0o70040
Warning: 556 Decode overwriting core location 0o316: was 0o176000, changed to 0o104335
Warning: 556 Decode overwriting core location 0o317: was 0o1000, changed to 0o171006
Warning: 556 Decode overwriting core location 0o320: was 0o100000, changed to 0o70203
Warning: 556 Decode overwriting core location 0o321: was 0o40000, changed to 0o100402
Warning: 556 Decode overwriting core location 0o322: was 0o50373, changed to 0o44245
Warning: 556 Decode overwriting core location 0o323: was 0o40355, changed to 0o110001
Warning: 556 Decode overwriting core location 0o324: was 0o171010, changed to 0o44241
Warning: 556 Decode overwriting core location 0o325: was 0o161010, changed to 0o100403
Warning: 556 Decode overwriting core location 0o326: was 0o154007, changed to 0o40253
Warning: 556 Decode overwriting core location 0o327: was 0o64355, changed to 0o100404
Warning: 556 Decode overwriting core location 0o330: was 0o174354, changed to 0o0
Warning: 556 block ran out of words
Info: ending 556 file without a jump-to
Core Image 2048(d) words, output to file optical-reader-dec23-21-v3a_gs005.tcore
Info: Block Type Summary: 
  loader: 000(d): b556,ditto, b556,ditto, b556,da, b556,b556wc, b556,ditto,  b556,b556wc, b556,ditto, b556,jumpto, 
  loader: 009(d): b556,da, b556,b556wc, b556,ditto,  b556,b556wc, b556,ditto, b556,da, b556,b556wc, b556,ditto, b556,jumpto, 
  loader: 019(d): b556,da, b556,b556wc, b556,ditto,  b556,b556wc, b556,ditto, b556,da, b556,b556wc, b556,ditto,  b556,b556wc, b556,ditto, b556,jumpto, 
  loader: 032(d): b556,da, b556,b556wc, b556,ditto, b556,da, b556,b556wc, b556,ditto,  b556,b556wc, b556,ditto, b556,jumpto, 
  loader: 042(d): b556,da, b556,ditto,   
     end: 046(d): end, 
Info: 46(d) Loader Block Chains, 0(d) Data Block Chains
Info: Completed Every Last Byte of tape optical-reader-dec23-21-v3a
Info:    Wrote 5 files; Ignored 0 files due to size less than 30 words
Info: 556 Checksum summary: Good=12(d), Bad=1(d), Missing=28(d), Jump_To's=5(d), Non_556_blocks=0(d)
